[0.053s] DEBUG:colcon:Command line arguments: ['/usr/bin/colcon', 'build', '--symlink-install']
[0.053s] DEBUG:colcon:Parsed command line arguments: Namespace(log_base=None, log_level=None, verb_name='build', build_base='build', install_base='install', merge_install=False, symlink_install=True, test_result_base=None, continue_on_error=False, executor='parallel', parallel_workers=16, event_handlers=None, ignore_user_meta=False, metas=['./colcon.meta'], base_paths=['.'], packages_ignore=None, packages_ignore_regex=None, paths=None, packages_up_to=None, packages_up_to_regex=None, packages_above=None, packages_above_and_dependencies=None, packages_above_depth=None, packages_select_by_dep=None, packages_skip_by_dep=None, packages_skip_up_to=None, packages_select_build_failed=False, packages_skip_build_finished=False, packages_select_test_failures=False, packages_skip_test_passed=False, packages_select=None, packages_skip=None, packages_select_regex=None, packages_skip_regex=None, packages_start=None, packages_end=None, allow_overriding=[], cmake_args=None, cmake_target=None, cmake_target_skip_unavailable=False, cmake_clean_cache=False, cmake_clean_first=False, cmake_force_configure=False, ament_cmake_args=None, catkin_cmake_args=None, catkin_skip_building_tests=False, verb_parser=<colcon_defaults.argument_parser.defaults.DefaultArgumentsDecorator object at 0x70a80bc890a0>, verb_extension=<colcon_core.verb.build.BuildVerb object at 0x70a80bc889b0>, main=<bound method BuildVerb.main of <colcon_core.verb.build.BuildVerb object at 0x70a80bc889b0>>)
[0.074s] Level 1:colcon.colcon_core.package_discovery:discover_packages(colcon_meta) check parameters
[0.074s] Level 1:colcon.colcon_core.package_discovery:discover_packages(recursive) check parameters
[0.074s] Level 1:colcon.colcon_core.package_discovery:discover_packages(ignore) check parameters
[0.074s] Level 1:colcon.colcon_core.package_discovery:discover_packages(path) check parameters
[0.074s] Level 1:colcon.colcon_core.package_discovery:discover_packages(colcon_meta) discover
[0.074s] Level 1:colcon.colcon_core.package_discovery:discover_packages(recursive) discover
[0.074s] INFO:colcon.colcon_core.package_discovery:Crawling recursively for packages in '/home/gabriel-vidal/dev_ws'
[0.074s] Level 1:colcon.colcon_core.package_identification:_identify(.) by extensions ['ignore', 'ignore_ament_install']
[0.074s] Level 1:colcon.colcon_core.package_identification:_identify(.) by extension 'ignore'
[0.074s] Level 1:colcon.colcon_core.package_identification:_identify(.) by extension 'ignore_ament_install'
[0.074s] Level 1:colcon.colcon_core.package_identification:_identify(.) by extensions ['colcon_pkg']
[0.075s] Level 1:colcon.colcon_core.package_identification:_identify(.) by extension 'colcon_pkg'
[0.075s] Level 1:colcon.colcon_core.package_identification:_identify(.) by extensions ['colcon_meta']
[0.075s] Level 1:colcon.colcon_core.package_identification:_identify(.) by extension 'colcon_meta'
[0.075s] Level 1:colcon.colcon_core.package_identification:_identify(.) by extensions ['ros']
[0.075s] Level 1:colcon.colcon_core.package_identification:_identify(.) by extension 'ros'
[0.089s] Level 1:colcon.colcon_core.package_identification:_identify(.) by extensions ['cmake', 'python']
[0.089s] Level 1:colcon.colcon_core.package_identification:_identify(.) by extension 'cmake'
[0.089s] Level 1:colcon.colcon_core.package_identification:_identify(.) by extension 'python'
[0.089s] Level 1:colcon.colcon_core.package_identification:_identify(.) by extensions ['python_setup_py']
[0.089s] Level 1:colcon.colcon_core.package_identification:_identify(.) by extension 'python_setup_py'
[0.089s] Level 1:colcon.colcon_core.package_identification:_identify(build) by extensions ['ignore', 'ignore_ament_install']
[0.089s] Level 1:colcon.colcon_core.package_identification:_identify(build) by extension 'ignore'
[0.089s] Level 1:colcon.colcon_core.package_identification:_identify(build) ignored
[0.089s] Level 1:colcon.colcon_core.package_identification:_identify(install) by extensions ['ignore', 'ignore_ament_install']
[0.089s] Level 1:colcon.colcon_core.package_identification:_identify(install) by extension 'ignore'
[0.089s] Level 1:colcon.colcon_core.package_identification:_identify(install) ignored
[0.089s] Level 1:colcon.colcon_core.package_identification:_identify(log) by extensions ['ignore', 'ignore_ament_install']
[0.089s] Level 1:colcon.colcon_core.package_identification:_identify(log) by extension 'ignore'
[0.089s] Level 1:colcon.colcon_core.package_identification:_identify(log) ignored
[0.089s] Level 1:colcon.colcon_core.package_identification:_identify(src) by extensions ['ignore', 'ignore_ament_install']
[0.089s] Level 1:colcon.colcon_core.package_identification:_identify(src) by extension 'ignore'
[0.089s] Level 1:colcon.colcon_core.package_identification:_identify(src) by extension 'ignore_ament_install'
[0.089s] Level 1:colcon.colcon_core.package_identification:_identify(src) by extensions ['colcon_pkg']
[0.089s] Level 1:colcon.colcon_core.package_identification:_identify(src) by extension 'colcon_pkg'
[0.089s] Level 1:colcon.colcon_core.package_identification:_identify(src) by extensions ['colcon_meta']
[0.089s] Level 1:colcon.colcon_core.package_identification:_identify(src) by extension 'colcon_meta'
[0.089s] Level 1:colcon.colcon_core.package_identification:_identify(src) by extensions ['ros']
[0.089s] Level 1:colcon.colcon_core.package_identification:_identify(src) by extension 'ros'
[0.089s] Level 1:colcon.colcon_core.package_identification:_identify(src) by extensions ['cmake', 'python']
[0.089s] Level 1:colcon.colcon_core.package_identification:_identify(src) by extension 'cmake'
[0.089s] Level 1:colcon.colcon_core.package_identification:_identify(src) by extension 'python'
[0.090s] Level 1:colcon.colcon_core.package_identification:_identify(src) by extensions ['python_setup_py']
[0.090s] Level 1:colcon.colcon_core.package_identification:_identify(src) by extension 'python_setup_py'
[0.090s] Level 1:colcon.colcon_core.package_identification:_identify(src/my_bot) by extensions ['ignore', 'ignore_ament_install']
[0.090s] Level 1:colcon.colcon_core.package_identification:_identify(src/my_bot) by extension 'ignore'
[0.090s] Level 1:colcon.colcon_core.package_identification:_identify(src/my_bot) by extension 'ignore_ament_install'
[0.090s] Level 1:colcon.colcon_core.package_identification:_identify(src/my_bot) by extensions ['colcon_pkg']
[0.090s] Level 1:colcon.colcon_core.package_identification:_identify(src/my_bot) by extension 'colcon_pkg'
[0.090s] Level 1:colcon.colcon_core.package_identification:_identify(src/my_bot) by extensions ['colcon_meta']
[0.090s] Level 1:colcon.colcon_core.package_identification:_identify(src/my_bot) by extension 'colcon_meta'
[0.090s] Level 1:colcon.colcon_core.package_identification:_identify(src/my_bot) by extensions ['ros']
[0.090s] Level 1:colcon.colcon_core.package_identification:_identify(src/my_bot) by extension 'ros'
[0.091s] DEBUG:colcon.colcon_core.package_identification:Package 'src/my_bot' with type 'ros.ament_cmake' and name 'my_bot'
[0.091s] Level 1:colcon.colcon_core.package_discovery:discover_packages(recursive) using defaults
[0.091s] Level 1:colcon.colcon_core.package_discovery:discover_packages(ignore) discover
[0.091s] Level 1:colcon.colcon_core.package_discovery:discover_packages(ignore) using defaults
[0.091s] Level 1:colcon.colcon_core.package_discovery:discover_packages(path) discover
[0.091s] Level 1:colcon.colcon_core.package_discovery:discover_packages(path) using defaults
[0.101s] Level 1:colcon.colcon_core.package_discovery:discover_packages(prefix_path) check parameters
[0.101s] Level 1:colcon.colcon_core.package_discovery:discover_packages(prefix_path) discover
[0.102s] DEBUG:colcon.colcon_installed_package_information.package_discovery:Found 289 installed packages in /opt/ros/jazzy
[0.103s] Level 1:colcon.colcon_core.package_discovery:discover_packages(prefix_path) using defaults
[0.122s] Level 5:colcon.colcon_core.verb:set package 'my_bot' build argument 'cmake_args' from command line to 'None'
[0.122s] Level 5:colcon.colcon_core.verb:set package 'my_bot' build argument 'cmake_target' from command line to 'None'
[0.122s] Level 5:colcon.colcon_core.verb:set package 'my_bot' build argument 'cmake_target_skip_unavailable' from command line to 'False'
[0.122s] Level 5:colcon.colcon_core.verb:set package 'my_bot' build argument 'cmake_clean_cache' from command line to 'False'
[0.122s] Level 5:colcon.colcon_core.verb:set package 'my_bot' build argument 'cmake_clean_first' from command line to 'False'
[0.122s] Level 5:colcon.colcon_core.verb:set package 'my_bot' build argument 'cmake_force_configure' from command line to 'False'
[0.123s] Level 5:colcon.colcon_core.verb:set package 'my_bot' build argument 'ament_cmake_args' from command line to 'None'
[0.123s] Level 5:colcon.colcon_core.verb:set package 'my_bot' build argument 'catkin_cmake_args' from command line to 'None'
[0.123s] Level 5:colcon.colcon_core.verb:set package 'my_bot' build argument 'catkin_skip_building_tests' from command line to 'False'
[0.123s] DEBUG:colcon.colcon_core.verb:Building package 'my_bot' with the following arguments: {'ament_cmake_args': None, 'build_base': '/home/gabriel-vidal/dev_ws/build/my_bot', 'catkin_cmake_args': None, 'catkin_skip_building_tests': False, 'cmake_args': None, 'cmake_clean_cache': False, 'cmake_clean_first': False, 'cmake_force_configure': False, 'cmake_target': None, 'cmake_target_skip_unavailable': False, 'install_base': '/home/gabriel-vidal/dev_ws/install/my_bot', 'merge_install': False, 'path': '/home/gabriel-vidal/dev_ws/src/my_bot', 'symlink_install': True, 'test_result_base': None}
[0.123s] INFO:colcon.colcon_core.executor:Executing jobs using 'parallel' executor
[0.124s] DEBUG:colcon.colcon_parallel_executor.executor.parallel:run_until_complete
[0.124s] INFO:colcon.colcon_ros.task.ament_cmake.build:Building ROS package in '/home/gabriel-vidal/dev_ws/src/my_bot' with build type 'ament_cmake'
[0.124s] INFO:colcon.colcon_cmake.task.cmake.build:Building CMake package in '/home/gabriel-vidal/dev_ws/src/my_bot'
[0.125s] INFO:colcon.colcon_core.plugin_system:Skipping extension 'colcon_core.shell.bat': Not used on non-Windows systems
[0.125s] INFO:colcon.colcon_core.shell:Skip shell extension 'powershell' for command environment: Not usable outside of PowerShell
[0.125s] DEBUG:colcon.colcon_core.shell:Skip shell extension 'dsv' for command environment
[0.130s] DEBUG:colcon.colcon_core.event_handler.log_command:Invoking command in '/home/gabriel-vidal/dev_ws/build/my_bot': CMAKE_PREFIX_PATH=${CMAKE_PREFIX_PATH}:/opt/ros/jazzy DEBUGINFOD_URLS=https://debuginfod.ubuntu.com /usr/bin/cmake --build /home/gabriel-vidal/dev_ws/build/my_bot -- -j16 -l16
[0.159s] DEBUG:colcon.colcon_core.event_handler.log_command:Invoked command in '/home/gabriel-vidal/dev_ws/build/my_bot' returned '0': CMAKE_PREFIX_PATH=${CMAKE_PREFIX_PATH}:/opt/ros/jazzy DEBUGINFOD_URLS=https://debuginfod.ubuntu.com /usr/bin/cmake --build /home/gabriel-vidal/dev_ws/build/my_bot -- -j16 -l16
[0.167s] DEBUG:colcon.colcon_core.event_handler.log_command:Invoking command in '/home/gabriel-vidal/dev_ws/build/my_bot': CMAKE_PREFIX_PATH=${CMAKE_PREFIX_PATH}:/opt/ros/jazzy DEBUGINFOD_URLS=https://debuginfod.ubuntu.com /usr/bin/cmake --install /home/gabriel-vidal/dev_ws/build/my_bot
[0.192s] Level 1:colcon.colcon_core.environment:create_environment_scripts_only(my_bot)
[0.192s] DEBUG:colcon.colcon_core.event_handler.log_command:Invoked command in '/home/gabriel-vidal/dev_ws/build/my_bot' returned '0': CMAKE_PREFIX_PATH=${CMAKE_PREFIX_PATH}:/opt/ros/jazzy DEBUGINFOD_URLS=https://debuginfod.ubuntu.com /usr/bin/cmake --install /home/gabriel-vidal/dev_ws/build/my_bot
[0.194s] Level 1:colcon.colcon_core.environment:checking '/home/gabriel-vidal/dev_ws/install/my_bot' for CMake module files
[0.194s] Level 1:colcon.colcon_core.environment:checking '/home/gabriel-vidal/dev_ws/install/my_bot' for CMake config files
[0.194s] Level 1:colcon.colcon_core.shell:create_environment_hook('my_bot', 'cmake_prefix_path')
[0.194s] INFO:colcon.colcon_core.shell:Creating environment hook '/home/gabriel-vidal/dev_ws/install/my_bot/share/my_bot/hook/cmake_prefix_path.ps1'
[0.195s] INFO:colcon.colcon_core.shell:Creating environment descriptor '/home/gabriel-vidal/dev_ws/install/my_bot/share/my_bot/hook/cmake_prefix_path.dsv'
[0.195s] INFO:colcon.colcon_core.shell:Creating environment hook '/home/gabriel-vidal/dev_ws/install/my_bot/share/my_bot/hook/cmake_prefix_path.sh'
[0.196s] Level 1:colcon.colcon_core.environment:checking '/home/gabriel-vidal/dev_ws/install/my_bot/bin'
[0.196s] Level 1:colcon.colcon_core.environment:checking '/home/gabriel-vidal/dev_ws/install/my_bot/lib/pkgconfig/my_bot.pc'
[0.196s] Level 1:colcon.colcon_core.environment:checking '/home/gabriel-vidal/dev_ws/install/my_bot/lib/python3.12/site-packages'
[0.196s] Level 1:colcon.colcon_core.environment:checking '/home/gabriel-vidal/dev_ws/install/my_bot/bin'
[0.197s] INFO:colcon.colcon_core.shell:Creating package script '/home/gabriel-vidal/dev_ws/install/my_bot/share/my_bot/package.ps1'
[0.197s] INFO:colcon.colcon_core.shell:Creating package descriptor '/home/gabriel-vidal/dev_ws/install/my_bot/share/my_bot/package.dsv'
[0.198s] INFO:colcon.colcon_core.shell:Creating package script '/home/gabriel-vidal/dev_ws/install/my_bot/share/my_bot/package.sh'
[0.198s] INFO:colcon.colcon_core.shell:Creating package script '/home/gabriel-vidal/dev_ws/install/my_bot/share/my_bot/package.bash'
[0.199s] INFO:colcon.colcon_core.shell:Creating package script '/home/gabriel-vidal/dev_ws/install/my_bot/share/my_bot/package.zsh'
[0.199s] Level 1:colcon.colcon_core.environment:create_file_with_runtime_dependencies(/home/gabriel-vidal/dev_ws/install/my_bot/share/colcon-core/packages/my_bot)
[0.199s] Level 1:colcon.colcon_core.environment:create_environment_scripts_only(my_bot)
[0.199s] Level 1:colcon.colcon_core.environment:checking '/home/gabriel-vidal/dev_ws/install/my_bot' for CMake module files
[0.200s] Level 1:colcon.colcon_core.environment:checking '/home/gabriel-vidal/dev_ws/install/my_bot' for CMake config files
[0.200s] Level 1:colcon.colcon_core.shell:create_environment_hook('my_bot', 'cmake_prefix_path')
[0.200s] INFO:colcon.colcon_core.shell:Creating environment hook '/home/gabriel-vidal/dev_ws/install/my_bot/share/my_bot/hook/cmake_prefix_path.ps1'
[0.200s] INFO:colcon.colcon_core.shell:Creating environment descriptor '/home/gabriel-vidal/dev_ws/install/my_bot/share/my_bot/hook/cmake_prefix_path.dsv'
[0.201s] INFO:colcon.colcon_core.shell:Creating environment hook '/home/gabriel-vidal/dev_ws/install/my_bot/share/my_bot/hook/cmake_prefix_path.sh'
[0.201s] Level 1:colcon.colcon_core.environment:checking '/home/gabriel-vidal/dev_ws/install/my_bot/bin'
[0.201s] Level 1:colcon.colcon_core.environment:checking '/home/gabriel-vidal/dev_ws/install/my_bot/lib/pkgconfig/my_bot.pc'
[0.201s] Level 1:colcon.colcon_core.environment:checking '/home/gabriel-vidal/dev_ws/install/my_bot/lib/python3.12/site-packages'
[0.202s] Level 1:colcon.colcon_core.environment:checking '/home/gabriel-vidal/dev_ws/install/my_bot/bin'
[0.202s] INFO:colcon.colcon_core.shell:Creating package script '/home/gabriel-vidal/dev_ws/install/my_bot/share/my_bot/package.ps1'
[0.202s] INFO:colcon.colcon_core.shell:Creating package descriptor '/home/gabriel-vidal/dev_ws/install/my_bot/share/my_bot/package.dsv'
[0.202s] INFO:colcon.colcon_core.shell:Creating package script '/home/gabriel-vidal/dev_ws/install/my_bot/share/my_bot/package.sh'
[0.203s] INFO:colcon.colcon_core.shell:Creating package script '/home/gabriel-vidal/dev_ws/install/my_bot/share/my_bot/package.bash'
[0.203s] INFO:colcon.colcon_core.shell:Creating package script '/home/gabriel-vidal/dev_ws/install/my_bot/share/my_bot/package.zsh'
[0.203s] Level 1:colcon.colcon_core.environment:create_file_with_runtime_dependencies(/home/gabriel-vidal/dev_ws/install/my_bot/share/colcon-core/packages/my_bot)
[0.203s] DEBUG:colcon.colcon_parallel_executor.executor.parallel:closing loop
[0.204s] DEBUG:colcon.colcon_parallel_executor.executor.parallel:loop closed
[0.204s] DEBUG:colcon.colcon_parallel_executor.executor.parallel:run_until_complete finished with '0'
[0.204s] DEBUG:colcon.colcon_core.event_reactor:joining thread
[0.208s] INFO:colcon.colcon_core.plugin_system:Skipping extension 'colcon_notification.desktop_notification.terminal_notifier': Not used on non-Darwin systems
[0.208s] INFO:colcon.colcon_core.plugin_system:Skipping extension 'colcon_notification.desktop_notification.win32': Not used on non-Windows systems
[0.208s] INFO:colcon.colcon_notification.desktop_notification:Sending desktop notification using 'notify2'
[0.229s] DEBUG:colcon.colcon_core.event_reactor:joined thread
[0.229s] INFO:colcon.colcon_core.shell:Creating prefix script '/home/gabriel-vidal/dev_ws/install/local_setup.ps1'
[0.230s] INFO:colcon.colcon_core.shell:Creating prefix util module '/home/gabriel-vidal/dev_ws/install/_local_setup_util_ps1.py'
[0.230s] INFO:colcon.colcon_core.shell:Creating prefix chain script '/home/gabriel-vidal/dev_ws/install/setup.ps1'
[0.231s] INFO:colcon.colcon_core.shell:Creating prefix script '/home/gabriel-vidal/dev_ws/install/local_setup.sh'
[0.231s] INFO:colcon.colcon_core.shell:Creating prefix util module '/home/gabriel-vidal/dev_ws/install/_local_setup_util_sh.py'
[0.231s] INFO:colcon.colcon_core.shell:Creating prefix chain script '/home/gabriel-vidal/dev_ws/install/setup.sh'
[0.232s] INFO:colcon.colcon_core.shell:Creating prefix script '/home/gabriel-vidal/dev_ws/install/local_setup.bash'
[0.232s] INFO:colcon.colcon_core.shell:Creating prefix chain script '/home/gabriel-vidal/dev_ws/install/setup.bash'
[0.233s] INFO:colcon.colcon_core.shell:Creating prefix script '/home/gabriel-vidal/dev_ws/install/local_setup.zsh'
[0.233s] INFO:colcon.colcon_core.shell:Creating prefix chain script '/home/gabriel-vidal/dev_ws/install/setup.zsh'
