[0.005s] Invoking command in '/home/gabriel-vidal/dev_ws/build/my_bot': CMAKE_PREFIX_PATH=${CMAKE_PREFIX_PATH}:/opt/ros/jazzy DEBUGINFOD_URLS=https://debuginfod.ubuntu.com /usr/bin/cmake /home/gabriel-vidal/dev_ws/src/my_bot -DAMENT_CMAKE_SYMLINK_INSTALL=1 -DCMAKE_INSTALL_PREFIX=/home/gabriel-vidal/dev_ws/install/my_bot
[0.133s] -- The C compiler identification is GNU 13.3.0
[0.240s] -- The CXX compiler identification is GNU 13.3.0
[0.255s] -- Detecting C compiler ABI info
[0.330s] -- Detecting C compiler ABI info - done
[0.337s] -- Check for working C compiler: /usr/bin/cc - skipped
[0.337s] -- Detecting C compile features
[0.337s] -- Detecting C compile features - done
[0.346s] -- Detecting CXX compiler ABI info
[0.429s] -- Detecting CXX compiler ABI info - done
[0.436s] -- Check for working CXX compiler: /usr/bin/c++ - skipped
[0.436s] -- Detecting CXX compile features
[0.436s] -- Detecting CXX compile features - done
[0.437s] -- Found ament_cmake: 2.5.5 (/opt/ros/jazzy/share/ament_cmake/cmake)
[0.533s] -- Found Python3: /usr/bin/python3 (found version "3.12.3") found components: Interpreter 
[0.580s] -- Override CMake install command with custom implementation using symlinks instead of copying resources
[0.595s] -- Found ament_lint_auto: 0.17.4 (/opt/ros/jazzy/share/ament_lint_auto/cmake)
[0.657s] -- Added test 'copyright' to check source files copyright and LICENSE
[0.659s] -- Added test 'flake8' to check Python code syntax and style conventions
[0.659s] -- Configured 'flake8' exclude dirs and/or files: 
[0.660s] -- Added test 'lint_cmake' to check CMake code style
[0.660s] -- Added test 'pep257' to check Python code against some of the docstring style conventions in PEP 257
[0.661s] -- Added test 'xmllint' to check XML markup files
[0.662s] -- Configuring done (0.6s)
[0.663s] -- Generating done (0.0s)
[0.664s] -- Build files have been written to: /home/gabriel-vidal/dev_ws/build/my_bot
[0.668s] Invoked command in '/home/gabriel-vidal/dev_ws/build/my_bot' returned '0': CMAKE_PREFIX_PATH=${CMAKE_PREFIX_PATH}:/opt/ros/jazzy DEBUGINFOD_URLS=https://debuginfod.ubuntu.com /usr/bin/cmake /home/gabriel-vidal/dev_ws/src/my_bot -DAMENT_CMAKE_SYMLINK_INSTALL=1 -DCMAKE_INSTALL_PREFIX=/home/gabriel-vidal/dev_ws/install/my_bot
[0.669s] Invoking command in '/home/gabriel-vidal/dev_ws/build/my_bot': CMAKE_PREFIX_PATH=${CMAKE_PREFIX_PATH}:/opt/ros/jazzy DEBUGINFOD_URLS=https://debuginfod.ubuntu.com /usr/bin/cmake --build /home/gabriel-vidal/dev_ws/build/my_bot -- -j16 -l16
[0.697s] Invoked command in '/home/gabriel-vidal/dev_ws/build/my_bot' returned '0': CMAKE_PREFIX_PATH=${CMAKE_PREFIX_PATH}:/opt/ros/jazzy DEBUGINFOD_URLS=https://debuginfod.ubuntu.com /usr/bin/cmake --build /home/gabriel-vidal/dev_ws/build/my_bot -- -j16 -l16
[0.706s] Invoking command in '/home/gabriel-vidal/dev_ws/build/my_bot': CMAKE_PREFIX_PATH=${CMAKE_PREFIX_PATH}:/opt/ros/jazzy DEBUGINFOD_URLS=https://debuginfod.ubuntu.com /usr/bin/cmake --install /home/gabriel-vidal/dev_ws/build/my_bot
[0.711s] -- Install configuration: ""
[0.712s] -- Execute custom install script
[0.712s] -- Symlinking: /home/gabriel-vidal/dev_ws/install/my_bot/share/my_bot/config/empty.yaml
[0.720s] -- Symlinking: /home/gabriel-vidal/dev_ws/install/my_bot/share/my_bot/description/robot.urdf.xacro
[0.727s] -- Symlinking: /home/gabriel-vidal/dev_ws/install/my_bot/share/my_bot/launch/rsp.launch.py
[0.735s] -- Symlinking: /home/gabriel-vidal/dev_ws/install/my_bot/share/my_bot/worlds/empty.world
[0.741s] -- Symlinking: /home/gabriel-vidal/dev_ws/install/my_bot/share/ament_index/resource_index/package_run_dependencies/my_bot
[0.749s] -- Symlinking: /home/gabriel-vidal/dev_ws/install/my_bot/share/ament_index/resource_index/parent_prefix_path/my_bot
[0.756s] -- Symlinking: /home/gabriel-vidal/dev_ws/install/my_bot/share/my_bot/environment/ament_prefix_path.sh
[0.762s] -- Symlinking: /home/gabriel-vidal/dev_ws/install/my_bot/share/my_bot/environment/ament_prefix_path.dsv
[0.769s] -- Symlinking: /home/gabriel-vidal/dev_ws/install/my_bot/share/my_bot/environment/path.sh
[0.775s] -- Symlinking: /home/gabriel-vidal/dev_ws/install/my_bot/share/my_bot/environment/path.dsv
[0.781s] -- Symlinking: /home/gabriel-vidal/dev_ws/install/my_bot/share/my_bot/local_setup.bash
[0.788s] -- Symlinking: /home/gabriel-vidal/dev_ws/install/my_bot/share/my_bot/local_setup.sh
[0.795s] -- Symlinking: /home/gabriel-vidal/dev_ws/install/my_bot/share/my_bot/local_setup.zsh
[0.802s] -- Symlinking: /home/gabriel-vidal/dev_ws/install/my_bot/share/my_bot/local_setup.dsv
[0.809s] -- Symlinking: /home/gabriel-vidal/dev_ws/install/my_bot/share/my_bot/package.dsv
[0.816s] -- Symlinking: /home/gabriel-vidal/dev_ws/install/my_bot/share/ament_index/resource_index/packages/my_bot
[0.822s] -- Symlinking: /home/gabriel-vidal/dev_ws/install/my_bot/share/my_bot/cmake/my_botConfig.cmake
[0.829s] -- Symlinking: /home/gabriel-vidal/dev_ws/install/my_bot/share/my_bot/cmake/my_botConfig-version.cmake
[0.836s] -- Symlinking: /home/gabriel-vidal/dev_ws/install/my_bot/share/my_bot/package.xml
[0.844s] Invoked command in '/home/gabriel-vidal/dev_ws/build/my_bot' returned '0': CMAKE_PREFIX_PATH=${CMAKE_PREFIX_PATH}:/opt/ros/jazzy DEBUGINFOD_URLS=https://debuginfod.ubuntu.com /usr/bin/cmake --install /home/gabriel-vidal/dev_ws/build/my_bot
