[0.007s] Invoking command in '/home/gabriel-vidal/dev_ws/build/my_bot': CMAKE_PREFIX_PATH=${CMAKE_PREFIX_PATH}:/opt/ros/jazzy DEBUGINFOD_URLS=https://debuginfod.ubuntu.com /usr/bin/cmake --build /home/gabriel-vidal/dev_ws/build/my_bot -- -j16 -l16
[0.044s] Invoked command in '/home/gabriel-vidal/dev_ws/build/my_bot' returned '0': CMAKE_PREFIX_PATH=${CMAKE_PREFIX_PATH}:/opt/ros/jazzy DEBUGINFOD_URLS=https://debuginfod.ubuntu.com /usr/bin/cmake --build /home/gabriel-vidal/dev_ws/build/my_bot -- -j16 -l16
[0.057s] Invoking command in '/home/gabriel-vidal/dev_ws/build/my_bot': CMAKE_PREFIX_PATH=${CMAKE_PREFIX_PATH}:/opt/ros/jazzy DEBUGINFOD_URLS=https://debuginfod.ubuntu.com /usr/bin/cmake --install /home/gabriel-vidal/dev_ws/build/my_bot
[0.070s] -- Install configuration: ""
[0.071s] -- Execute custom install script
[0.071s] -- Symlinking: /home/gabriel-vidal/dev_ws/install/my_bot/share/my_bot/config/view_bot.rviz
[0.078s] -- Up-to-date symlink: /home/gabriel-vidal/dev_ws/install/my_bot/share/my_bot/description/inertial_macros.xacro
[0.078s] -- Up-to-date symlink: /home/gabriel-vidal/dev_ws/install/my_bot/share/my_bot/description/robot.urdf.xacro
[0.078s] -- Up-to-date symlink: /home/gabriel-vidal/dev_ws/install/my_bot/share/my_bot/description/robot_core.xacro
[0.078s] -- Symlinking: /home/gabriel-vidal/dev_ws/install/my_bot/share/my_bot/launch/launch_sim.launch.py
[0.083s] -- Up-to-date symlink: /home/gabriel-vidal/dev_ws/install/my_bot/share/my_bot/launch/rsp.launch.py
[0.084s] -- Up-to-date symlink: /home/gabriel-vidal/dev_ws/install/my_bot/share/my_bot/worlds/empty.world
[0.084s] -- Up-to-date symlink: /home/gabriel-vidal/dev_ws/install/my_bot/share/ament_index/resource_index/package_run_dependencies/my_bot
[0.084s] -- Up-to-date symlink: /home/gabriel-vidal/dev_ws/install/my_bot/share/ament_index/resource_index/parent_prefix_path/my_bot
[0.084s] -- Up-to-date symlink: /home/gabriel-vidal/dev_ws/install/my_bot/share/my_bot/environment/ament_prefix_path.sh
[0.084s] -- Up-to-date symlink: /home/gabriel-vidal/dev_ws/install/my_bot/share/my_bot/environment/ament_prefix_path.dsv
[0.085s] -- Up-to-date symlink: /home/gabriel-vidal/dev_ws/install/my_bot/share/my_bot/environment/path.sh
[0.085s] -- Up-to-date symlink: /home/gabriel-vidal/dev_ws/install/my_bot/share/my_bot/environment/path.dsv
[0.085s] -- Up-to-date symlink: /home/gabriel-vidal/dev_ws/install/my_bot/share/my_bot/local_setup.bash
[0.085s] -- Up-to-date symlink: /home/gabriel-vidal/dev_ws/install/my_bot/share/my_bot/local_setup.sh
[0.085s] -- Up-to-date symlink: /home/gabriel-vidal/dev_ws/install/my_bot/share/my_bot/local_setup.zsh
[0.085s] -- Up-to-date symlink: /home/gabriel-vidal/dev_ws/install/my_bot/share/my_bot/local_setup.dsv
[0.085s] -- Symlinking: /home/gabriel-vidal/dev_ws/install/my_bot/share/my_bot/package.dsv
[0.093s] -- Up-to-date symlink: /home/gabriel-vidal/dev_ws/install/my_bot/share/ament_index/resource_index/packages/my_bot
[0.094s] -- Up-to-date symlink: /home/gabriel-vidal/dev_ws/install/my_bot/share/my_bot/cmake/my_botConfig.cmake
[0.094s] -- Up-to-date symlink: /home/gabriel-vidal/dev_ws/install/my_bot/share/my_bot/cmake/my_botConfig-version.cmake
[0.094s] -- Up-to-date symlink: /home/gabriel-vidal/dev_ws/install/my_bot/share/my_bot/package.xml
[0.096s] Invoked command in '/home/gabriel-vidal/dev_ws/build/my_bot' returned '0': CMAKE_PREFIX_PATH=${CMAKE_PREFIX_PATH}:/opt/ros/jazzy DEBUGINFOD_URLS=https://debuginfod.ubuntu.com /usr/bin/cmake --install /home/gabriel-vidal/dev_ws/build/my_bot
