[0.006s] Invoking command in '/home/gabriel-vidal/dev_ws/build/my_bot': CMAKE_PREFIX_PATH=${CMAKE_PREFIX_PATH}:/opt/ros/jazzy DEBUGINFOD_URLS=https://debuginfod.ubuntu.com /usr/bin/cmake --build /home/gabriel-vidal/dev_ws/build/my_bot -- -j16 -l16
[0.035s] Invoked command in '/home/gabriel-vidal/dev_ws/build/my_bot' returned '0': CMAKE_PREFIX_PATH=${CMAKE_PREFIX_PATH}:/opt/ros/jazzy DEBUGINFOD_URLS=https://debuginfod.ubuntu.com /usr/bin/cmake --build /home/gabriel-vidal/dev_ws/build/my_bot -- -j16 -l16
[0.044s] Invoking command in '/home/gabriel-vidal/dev_ws/build/my_bot': CMAKE_PREFIX_PATH=${CMAKE_PREFIX_PATH}:/opt/ros/jazzy DEBUGINFOD_URLS=https://debuginfod.ubuntu.com /usr/bin/cmake --install /home/gabriel-vidal/dev_ws/build/my_bot
[0.049s] -- Install configuration: ""
[0.050s] -- Execute custom install script
[0.050s] -- Up-to-date symlink: /home/gabriel-vidal/dev_ws/install/my_bot/share/my_bot/config/empty.yaml
[0.050s] -- Up-to-date symlink: /home/gabriel-vidal/dev_ws/install/my_bot/share/my_bot/description/robot.urdf.xacro
[0.050s] -- Up-to-date symlink: /home/gabriel-vidal/dev_ws/install/my_bot/share/my_bot/description/robot_core.xacro
[0.050s] -- Up-to-date symlink: /home/gabriel-vidal/dev_ws/install/my_bot/share/my_bot/launch/rsp.launch.py
[0.051s] -- Up-to-date symlink: /home/gabriel-vidal/dev_ws/install/my_bot/share/my_bot/worlds/empty.world
[0.051s] -- Up-to-date symlink: /home/gabriel-vidal/dev_ws/install/my_bot/share/ament_index/resource_index/package_run_dependencies/my_bot
[0.051s] -- Up-to-date symlink: /home/gabriel-vidal/dev_ws/install/my_bot/share/ament_index/resource_index/parent_prefix_path/my_bot
[0.051s] -- Up-to-date symlink: /home/gabriel-vidal/dev_ws/install/my_bot/share/my_bot/environment/ament_prefix_path.sh
[0.051s] -- Up-to-date symlink: /home/gabriel-vidal/dev_ws/install/my_bot/share/my_bot/environment/ament_prefix_path.dsv
[0.051s] -- Up-to-date symlink: /home/gabriel-vidal/dev_ws/install/my_bot/share/my_bot/environment/path.sh
[0.051s] -- Up-to-date symlink: /home/gabriel-vidal/dev_ws/install/my_bot/share/my_bot/environment/path.dsv
[0.051s] -- Up-to-date symlink: /home/gabriel-vidal/dev_ws/install/my_bot/share/my_bot/local_setup.bash
[0.051s] -- Up-to-date symlink: /home/gabriel-vidal/dev_ws/install/my_bot/share/my_bot/local_setup.sh
[0.051s] -- Up-to-date symlink: /home/gabriel-vidal/dev_ws/install/my_bot/share/my_bot/local_setup.zsh
[0.051s] -- Up-to-date symlink: /home/gabriel-vidal/dev_ws/install/my_bot/share/my_bot/local_setup.dsv
[0.051s] -- Symlinking: /home/gabriel-vidal/dev_ws/install/my_bot/share/my_bot/package.dsv
[0.059s] -- Up-to-date symlink: /home/gabriel-vidal/dev_ws/install/my_bot/share/ament_index/resource_index/packages/my_bot
[0.059s] -- Up-to-date symlink: /home/gabriel-vidal/dev_ws/install/my_bot/share/my_bot/cmake/my_botConfig.cmake
[0.059s] -- Up-to-date symlink: /home/gabriel-vidal/dev_ws/install/my_bot/share/my_bot/cmake/my_botConfig-version.cmake
[0.059s] -- Up-to-date symlink: /home/gabriel-vidal/dev_ws/install/my_bot/share/my_bot/package.xml
[0.061s] Invoked command in '/home/gabriel-vidal/dev_ws/build/my_bot' returned '0': CMAKE_PREFIX_PATH=${CMAKE_PREFIX_PATH}:/opt/ros/jazzy DEBUGINFOD_URLS=https://debuginfod.ubuntu.com /usr/bin/cmake --install /home/gabriel-vidal/dev_ws/build/my_bot
